<?xml version="1.0" encoding="UTF-8"?>
<coverage generated="1774251401679" clover="3.2.0">
  <project timestamp="1774251401679" name="All files">
    <metrics statements="177" coveredstatements="174" conditionals="76" coveredconditionals="69" methods="76" coveredmethods="76" elements="329" coveredelements="319" complexity="0" loc="177" ncloc="177" packages="3" files="3" classes="3"/>
    <package name="lib">
      <metrics statements="53" coveredstatements="53" conditionals="14" coveredconditionals="14" methods="11" coveredmethods="11"/>
      <file name="helpers.ts" path="/home/runner/work/M2D/M2D/src/lib/helpers.ts">
        <metrics statements="53" coveredstatements="53" conditionals="14" coveredconditionals="14" methods="11" coveredmethods="11"/>
        <line num="20" count="2" type="stmt"/>
        <line num="25" count="6" type="stmt"/>
        <line num="26" count="6" type="stmt"/>
        <line num="27" count="6" type="stmt"/>
        <line num="28" count="20" type="stmt"/>
        <line num="29" count="20" type="stmt"/>
        <line num="30" count="20" type="stmt"/>
        <line num="31" count="20" type="stmt"/>
        <line num="32" count="20" type="stmt"/>
        <line num="33" count="20" type="cond" truecount="2" falsecount="0"/>
        <line num="34" count="13" type="stmt"/>
        <line num="37" count="6" type="stmt"/>
        <line num="44" count="2" type="stmt"/>
        <line num="45" count="9" type="stmt"/>
        <line num="51" count="2" type="stmt"/>
        <line num="52" count="2" type="stmt"/>
        <line num="53" count="2" type="stmt"/>
        <line num="54" count="2" type="stmt"/>
        <line num="55" count="2" type="stmt"/>
        <line num="56" count="2" type="stmt"/>
        <line num="57" count="2" type="stmt"/>
        <line num="58" count="2" type="stmt"/>
        <line num="59" count="2" type="stmt"/>
        <line num="60" count="2" type="stmt"/>
        <line num="61" count="2" type="stmt"/>
        <line num="62" count="2" type="stmt"/>
        <line num="68" count="2" type="stmt"/>
        <line num="69" count="2" type="stmt"/>
        <line num="70" count="2" type="stmt"/>
        <line num="72" count="2" type="stmt"/>
        <line num="98" count="2" type="stmt"/>
        <line num="105" count="2" type="stmt"/>
        <line num="114" count="5" type="cond" truecount="2" falsecount="0"/>
        <line num="115" count="4" type="cond" truecount="2" falsecount="0"/>
        <line num="116" count="3" type="stmt"/>
        <line num="119" count="2" type="stmt"/>
        <line num="130" count="2" type="stmt"/>
        <line num="146" count="2" type="stmt"/>
        <line num="148" count="2" type="stmt"/>
        <line num="157" count="8" type="stmt"/>
        <line num="159" count="13" type="stmt"/>
        <line num="171" count="4" type="stmt"/>
        <line num="172" count="4" type="cond" truecount="2" falsecount="0"/>
        <line num="174" count="2" type="stmt"/>
        <line num="175" count="2" type="stmt"/>
        <line num="176" count="2" type="cond" truecount="2" falsecount="0"/>
        <line num="177" count="1" type="stmt"/>
        <line num="189" count="5" type="stmt"/>
        <line num="190" count="5" type="cond" truecount="2" falsecount="0"/>
        <line num="192" count="3" type="stmt"/>
        <line num="193" count="3" type="stmt"/>
        <line num="194" count="3" type="cond" truecount="2" falsecount="0"/>
        <line num="195" count="1" type="stmt"/>
      </file>
    </package>
    <package name="lib.api">
      <metrics statements="16" coveredstatements="16" conditionals="14" coveredconditionals="14" methods="4" coveredmethods="4"/>
      <file name="client.ts" path="/home/runner/work/M2D/M2D/src/lib/api/client.ts">
        <metrics statements="16" coveredstatements="16" conditionals="14" coveredconditionals="14" methods="4" coveredmethods="4"/>
        <line num="2" count="1" type="stmt"/>
        <line num="14" count="10" type="cond" truecount="2" falsecount="0"/>
        <line num="20" count="6" type="stmt"/>
        <line num="21" count="6" type="stmt"/>
        <line num="22" count="6" type="stmt"/>
        <line num="37" count="8" type="stmt"/>
        <line num="39" count="8" type="stmt"/>
        <line num="40" count="8" type="stmt"/>
        <line num="41" count="7" type="cond" truecount="5" falsecount="0"/>
        <line num="42" count="4" type="cond" truecount="2" falsecount="0"/>
        <line num="46" count="8" type="stmt"/>
        <line num="47" count="8" type="cond" truecount="2" falsecount="0"/>
        <line num="49" count="8" type="stmt"/>
        <line num="51" count="7" type="cond" truecount="2" falsecount="0"/>
        <line num="52" count="2" type="stmt"/>
        <line num="55" count="5" type="stmt"/>
      </file>
    </package>
    <package name="store">
      <metrics statements="108" coveredstatements="105" conditionals="48" coveredconditionals="41" methods="61" coveredmethods="61"/>
      <file name="useAppStore.ts" path="/home/runner/work/M2D/M2D/src/store/useAppStore.ts">
        <metrics statements="108" coveredstatements="105" conditionals="48" coveredconditionals="41" methods="61" coveredmethods="61"/>
        <line num="1" count="1" type="stmt"/>
        <line num="22" count="1" type="stmt"/>
        <line num="24" count="13" type="cond" truecount="1" falsecount="1"/>
        <line num="26" count="514" type="cond" truecount="1" falsecount="1"/>
        <line num="29" count="98" type="cond" truecount="1" falsecount="1"/>
        <line num="34" count="1" type="stmt"/>
        <line num="37" count="1" type="stmt"/>
        <line num="158" count="1" type="stmt"/>
        <line num="163" count="49" type="stmt"/>
        <line num="164" count="49" type="stmt"/>
        <line num="169" count="49" type="stmt"/>
        <line num="170" count="49" type="stmt"/>
        <line num="175" count="49" type="stmt"/>
        <line num="176" count="49" type="stmt"/>
        <line num="181" count="49" type="stmt"/>
        <line num="182" count="49" type="stmt"/>
        <line num="187" count="49" type="stmt"/>
        <line num="188" count="49" type="stmt"/>
        <line num="193" count="49" type="cond" truecount="1" falsecount="1"/>
        <line num="194" count="49" type="stmt"/>
        <line num="195" count="49" type="stmt"/>
        <line num="200" count="49" type="stmt"/>
        <line num="201" count="49" type="stmt"/>
        <line num="206" count="49" type="stmt"/>
        <line num="207" count="49" type="stmt"/>
        <line num="222" count="4" type="stmt"/>
        <line num="226" count="4" type="stmt"/>
        <line num="235" count="50" type="stmt"/>
        <line num="238" count="50" type="stmt"/>
        <line num="241" count="49" type="stmt"/>
        <line num="244" count="49" type="stmt"/>
        <line num="247" count="49" type="stmt"/>
        <line num="254" count="2" type="stmt"/>
        <line num="255" count="2" type="stmt"/>
        <line num="256" count="2" type="stmt"/>
        <line num="260" count="2" type="stmt"/>
        <line num="261" count="2" type="stmt"/>
        <line num="262" count="2" type="stmt"/>
        <line num="266" count="52" type="stmt"/>
        <line num="267" count="52" type="stmt"/>
        <line num="268" count="52" type="stmt"/>
        <line num="269" count="52" type="cond" truecount="2" falsecount="0"/>
        <line num="277" count="7" type="stmt"/>
        <line num="281" count="1" type="stmt"/>
        <line num="285" count="4" type="stmt"/>
        <line num="300" count="2" type="stmt"/>
        <line num="301" count="2" type="stmt"/>
        <line num="302" count="2" type="cond" truecount="3" falsecount="1"/>
        <line num="303" count="2" type="stmt"/>
        <line num="304" count="2" type="stmt"/>
        <line num="305" count="2" type="stmt"/>
        <line num="306" count="2" type="stmt"/>
        <line num="307" count="2" type="cond" truecount="2" falsecount="0"/>
        <line num="309" count="2" type="stmt"/>
        <line num="318" count="49" type="stmt"/>
        <line num="324" count="1" type="stmt"/>
        <line num="325" count="1" type="cond" truecount="2" falsecount="0"/>
        <line num="327" count="0" type="stmt"/>
        <line num="332" count="50" type="stmt"/>
        <line num="333" count="50" type="stmt"/>
        <line num="341" count="3" type="stmt"/>
        <line num="342" count="3" type="stmt"/>
        <line num="343" count="3" type="cond" truecount="2" falsecount="0"/>
        <line num="344" count="2" type="stmt"/>
        <line num="345" count="3" type="stmt"/>
        <line num="352" count="49" type="stmt"/>
        <line num="358" count="7" type="stmt"/>
        <line num="359" count="7" type="stmt"/>
        <line num="360" count="7" type="stmt"/>
        <line num="368" count="1" type="stmt"/>
        <line num="369" count="1" type="stmt"/>
        <line num="370" count="1" type="stmt"/>
        <line num="371" count="1" type="stmt"/>
        <line num="379" count="1" type="stmt"/>
        <line num="380" count="1" type="stmt"/>
        <line num="381" count="1" type="stmt"/>
        <line num="393" count="4" type="stmt"/>
        <line num="399" count="1" type="stmt"/>
        <line num="400" count="1" type="cond" truecount="2" falsecount="0"/>
        <line num="402" count="0" type="stmt"/>
        <line num="407" count="5" type="stmt"/>
        <line num="408" count="5" type="stmt"/>
        <line num="409" count="5" type="cond" truecount="2" falsecount="0"/>
        <line num="410" count="4" type="stmt"/>
        <line num="411" count="5" type="stmt"/>
        <line num="412" count="5" type="stmt"/>
        <line num="417" count="49" type="stmt"/>
        <line num="418" count="49" type="stmt"/>
        <line num="424" count="1" type="stmt"/>
        <line num="425" count="1" type="cond" truecount="2" falsecount="0"/>
        <line num="427" count="0" type="stmt"/>
        <line num="432" count="63" type="cond" truecount="2" falsecount="0"/>
        <line num="433" count="62" type="stmt"/>
        <line num="434" count="1477" type="stmt"/>
        <line num="435" count="62" type="stmt"/>
        <line num="436" count="62" type="stmt"/>
        <line num="437" count="62" type="stmt"/>
        <line num="442" count="1" type="stmt"/>
        <line num="443" count="1" type="stmt"/>
        <line num="444" count="1" type="stmt"/>
        <line num="445" count="1" type="stmt"/>
        <line num="450" count="49" type="stmt"/>
        <line num="451" count="49" type="stmt"/>
        <line num="459" count="507" type="stmt"/>
        <line num="460" count="507" type="cond" truecount="1" falsecount="1"/>
        <line num="461" count="507" type="stmt"/>
        <line num="466" count="507" type="stmt"/>
        <line num="471" count="49" type="stmt"/>
      </file>
    </package>
  </project>
</coverage>
