{"/home/runner/work/M2D/M2D/src/lib/helpers.ts": {"path":"/home/runner/work/M2D/M2D/src/lib/helpers.ts","statementMap":{"0":{"start":{"line":20,"column":25},"end":{"line":37,"column":null}},"1":{"start":{"line":25,"column":28},"end":{"line":25,"column":30}},"2":{"start":{"line":26,"column":20},"end":{"line":26,"column":41}},"3":{"start":{"line":27,"column":2},"end":{"line":34,"column":null}},"4":{"start":{"line":28,"column":14},"end":{"line":28,"column":60}},"5":{"start":{"line":28,"column":43},"end":{"line":28,"column":59}},"6":{"start":{"line":29,"column":4},"end":{"line":29,"column":null}},"7":{"start":{"line":30,"column":4},"end":{"line":30,"column":null}},"8":{"start":{"line":31,"column":10},"end":{"line":31,"column":43}},"9":{"start":{"line":31,"column":24},"end":{"line":31,"column":43}},"10":{"start":{"line":32,"column":4},"end":{"line":32,"column":null}},"11":{"start":{"line":33,"column":4},"end":{"line":34,"column":null}},"12":{"start":{"line":34,"column":6},"end":{"line":34,"column":null}},"13":{"start":{"line":37,"column":2},"end":{"line":37,"column":null}},"14":{"start":{"line":44,"column":13},"end":{"line":45,"column":64}},"15":{"start":{"line":45,"column":2},"end":{"line":45,"column":64}},"16":{"start":{"line":51,"column":27},"end":{"line":51,"column":null}},"17":{"start":{"line":52,"column":25},"end":{"line":52,"column":null}},"18":{"start":{"line":53,"column":25},"end":{"line":53,"column":null}},"19":{"start":{"line":54,"column":31},"end":{"line":54,"column":null}},"20":{"start":{"line":55,"column":28},"end":{"line":55,"column":null}},"21":{"start":{"line":56,"column":26},"end":{"line":56,"column":null}},"22":{"start":{"line":57,"column":27},"end":{"line":57,"column":null}},"23":{"start":{"line":58,"column":29},"end":{"line":58,"column":null}},"24":{"start":{"line":59,"column":34},"end":{"line":59,"column":null}},"25":{"start":{"line":60,"column":41},"end":{"line":60,"column":null}},"26":{"start":{"line":61,"column":36},"end":{"line":61,"column":null}},"27":{"start":{"line":62,"column":33},"end":{"line":62,"column":null}},"28":{"start":{"line":68,"column":34},"end":{"line":68,"column":null}},"29":{"start":{"line":69,"column":33},"end":{"line":69,"column":null}},"30":{"start":{"line":70,"column":29},"end":{"line":70,"column":null}},"31":{"start":{"line":72,"column":52},"end":{"line":77,"column":null}},"32":{"start":{"line":98,"column":46},"end":{"line":103,"column":null}},"33":{"start":{"line":105,"column":53},"end":{"line":110,"column":null}},"34":{"start":{"line":114,"column":2},"end":{"line":114,"column":null}},"35":{"start":{"line":114,"column":32},"end":{"line":114,"column":null}},"36":{"start":{"line":115,"column":2},"end":{"line":115,"column":null}},"37":{"start":{"line":115,"column":38},"end":{"line":115,"column":null}},"38":{"start":{"line":116,"column":2},"end":{"line":116,"column":null}},"39":{"start":{"line":119,"column":57},"end":{"line":128,"column":null}},"40":{"start":{"line":130,"column":50},"end":{"line":144,"column":null}},"41":{"start":{"line":146,"column":45},"end":{"line":146,"column":null}},"42":{"start":{"line":148,"column":57},"end":{"line":149,"column":null}},"43":{"start":{"line":157,"column":2},"end":{"line":160,"column":null}},"44":{"start":{"line":159,"column":19},"end":{"line":159,"column":63}},"45":{"start":{"line":171,"column":17},"end":{"line":171,"column":null}},"46":{"start":{"line":172,"column":2},"end":{"line":172,"column":null}},"47":{"start":{"line":172,"column":34},"end":{"line":172,"column":null}},"48":{"start":{"line":174,"column":16},"end":{"line":174,"column":84}},"49":{"start":{"line":174,"column":68},"end":{"line":174,"column":83}},"50":{"start":{"line":175,"column":19},"end":{"line":175,"column":null}},"51":{"start":{"line":176,"column":2},"end":{"line":176,"column":null}},"52":{"start":{"line":176,"column":36},"end":{"line":176,"column":null}},"53":{"start":{"line":177,"column":2},"end":{"line":177,"column":null}},"54":{"start":{"line":189,"column":17},"end":{"line":189,"column":null}},"55":{"start":{"line":190,"column":2},"end":{"line":190,"column":null}},"56":{"start":{"line":190,"column":34},"end":{"line":190,"column":null}},"57":{"start":{"line":192,"column":16},"end":{"line":192,"column":83}},"58":{"start":{"line":192,"column":67},"end":{"line":192,"column":82}},"59":{"start":{"line":193,"column":19},"end":{"line":193,"column":null}},"60":{"start":{"line":194,"column":2},"end":{"line":194,"column":null}},"61":{"start":{"line":194,"column":36},"end":{"line":194,"column":null}},"62":{"start":{"line":195,"column":2},"end":{"line":195,"column":null}}},"fnMap":{"0":{"name":"(anonymous_0)","decl":{"start":{"line":20,"column":25},"end":{"line":20,"column":null}},"loc":{"start":{"line":24,"column":19},"end":{"line":37,"column":null}},"line":24},"1":{"name":"(anonymous_1)","decl":{"start":{"line":28,"column":32},"end":{"line":28,"column":43}},"loc":{"start":{"line":28,"column":43},"end":{"line":28,"column":59}},"line":28},"2":{"name":"(anonymous_2)","decl":{"start":{"line":31,"column":10},"end":{"line":31,"column":24}},"loc":{"start":{"line":31,"column":24},"end":{"line":31,"column":43}},"line":31},"3":{"name":"(anonymous_3)","decl":{"start":{"line":44,"column":13},"end":{"line":44,"column":26}},"loc":{"start":{"line":45,"column":2},"end":{"line":45,"column":64}},"line":45},"4":{"name":"getLoaderOptions","decl":{"start":{"line":113,"column":16},"end":{"line":113,"column":33}},"loc":{"start":{"line":113,"column":70},"end":{"line":116,"column":null}},"line":113},"5":{"name":"formatCategoryName","decl":{"start":{"line":156,"column":16},"end":{"line":156,"column":35}},"loc":{"start":{"line":156,"column":57},"end":{"line":160,"column":null}},"line":156},"6":{"name":"(anonymous_6)","decl":{"start":{"line":159,"column":5},"end":{"line":159,"column":10}},"loc":{"start":{"line":159,"column":19},"end":{"line":159,"column":63}},"line":159},"7":{"name":"getCategoryHeaderLabel","decl":{"start":{"line":167,"column":16},"end":{"line":167,"column":null}},"loc":{"start":{"line":170,"column":10},"end":{"line":177,"column":null}},"line":170},"8":{"name":"(anonymous_8)","decl":{"start":{"line":174,"column":31},"end":{"line":174,"column":51}},"loc":{"start":{"line":174,"column":68},"end":{"line":174,"column":83}},"line":174},"9":{"name":"getCategoryLabel","decl":{"start":{"line":184,"column":16},"end":{"line":184,"column":null}},"loc":{"start":{"line":187,"column":10},"end":{"line":195,"column":null}},"line":187},"10":{"name":"(anonymous_10)","decl":{"start":{"line":192,"column":29},"end":{"line":192,"column":50}},"loc":{"start":{"line":192,"column":67},"end":{"line":192,"column":82}},"line":192}},"branchMap":{"0":{"loc":{"start":{"line":33,"column":4},"end":{"line":34,"column":null}},"type":"if","locations":[{"start":{"line":33,"column":4},"end":{"line":34,"column":null}},{"start":{},"end":{}}],"line":33},"1":{"loc":{"start":{"line":114,"column":2},"end":{"line":114,"column":null}},"type":"if","locations":[{"start":{"line":114,"column":2},"end":{"line":114,"column":null}},{"start":{},"end":{}}],"line":114},"2":{"loc":{"start":{"line":115,"column":2},"end":{"line":115,"column":null}},"type":"if","locations":[{"start":{"line":115,"column":2},"end":{"line":115,"column":null}},{"start":{},"end":{}}],"line":115},"3":{"loc":{"start":{"line":172,"column":2},"end":{"line":172,"column":null}},"type":"if","locations":[{"start":{"line":172,"column":2},"end":{"line":172,"column":null}},{"start":{},"end":{}}],"line":172},"4":{"loc":{"start":{"line":176,"column":2},"end":{"line":176,"column":null}},"type":"if","locations":[{"start":{"line":176,"column":2},"end":{"line":176,"column":null}},{"start":{},"end":{}}],"line":176},"5":{"loc":{"start":{"line":190,"column":2},"end":{"line":190,"column":null}},"type":"if","locations":[{"start":{"line":190,"column":2},"end":{"line":190,"column":null}},{"start":{},"end":{}}],"line":190},"6":{"loc":{"start":{"line":194,"column":2},"end":{"line":194,"column":null}},"type":"if","locations":[{"start":{"line":194,"column":2},"end":{"line":194,"column":null}},{"start":{},"end":{}}],"line":194}},"s":{"0":2,"1":6,"2":6,"3":6,"4":20,"5":20,"6":20,"7":20,"8":20,"9":20,"10":20,"11":20,"12":13,"13":6,"14":2,"15":9,"16":2,"17":2,"18":2,"19":2,"20":2,"21":2,"22":2,"23":2,"24":2,"25":2,"26":2,"27":2,"28":2,"29":2,"30":2,"31":2,"32":2,"33":2,"34":5,"35":1,"36":4,"37":1,"38":3,"39":2,"40":2,"41":2,"42":2,"43":8,"44":13,"45":4,"46":4,"47":2,"48":2,"49":2,"50":2,"51":2,"52":1,"53":1,"54":5,"55":5,"56":2,"57":3,"58":3,"59":3,"60":3,"61":2,"62":1},"f":{"0":6,"1":20,"2":20,"3":9,"4":5,"5":8,"6":13,"7":4,"8":2,"9":5,"10":3},"b":{"0":[13,7],"1":[1,4],"2":[1,3],"3":[2,2],"4":[1,1],"5":[2,3],"6":[2,1]},"meta":{"lastBranch":7,"lastFunction":11,"lastStatement":63,"seen":{"s:20:25:37:Infinity":0,"f:20:25:20:Infinity":0,"s:25:28:25:30":1,"s:26:20:26:41":2,"s:27:2:34:Infinity":3,"s:28:14:28:60":4,"f:28:32:28:43":1,"s:28:43:28:59":5,"s:29:4:29:Infinity":6,"s:30:4:30:Infinity":7,"s:31:10:31:43":8,"f:31:10:31:24":2,"s:31:24:31:43":9,"s:32:4:32:Infinity":10,"b:33:4:34:Infinity:undefined:undefined:undefined:undefined":0,"s:33:4:34:Infinity":11,"s:34:6:34:Infinity":12,"s:37:2:37:Infinity":13,"s:44:13:45:64":14,"f:44:13:44:26":3,"s:45:2:45:64":15,"s:51:27:51:Infinity":16,"s:52:25:52:Infinity":17,"s:53:25:53:Infinity":18,"s:54:31:54:Infinity":19,"s:55:28:55:Infinity":20,"s:56:26:56:Infinity":21,"s:57:27:57:Infinity":22,"s:58:29:58:Infinity":23,"s:59:34:59:Infinity":24,"s:60:41:60:Infinity":25,"s:61:36:61:Infinity":26,"s:62:33:62:Infinity":27,"s:68:34:68:Infinity":28,"s:69:33:69:Infinity":29,"s:70:29:70:Infinity":30,"s:72:52:77:Infinity":31,"s:98:46:103:Infinity":32,"s:105:53:110:Infinity":33,"f:113:16:113:33":4,"b:114:2:114:Infinity:undefined:undefined:undefined:undefined":1,"s:114:2:114:Infinity":34,"s:114:32:114:Infinity":35,"b:115:2:115:Infinity:undefined:undefined:undefined:undefined":2,"s:115:2:115:Infinity":36,"s:115:38:115:Infinity":37,"s:116:2:116:Infinity":38,"s:119:57:128:Infinity":39,"s:130:50:144:Infinity":40,"s:146:45:146:Infinity":41,"s:148:57:149:Infinity":42,"f:156:16:156:35":5,"s:157:2:160:Infinity":43,"f:159:5:159:10":6,"s:159:19:159:63":44,"f:167:16:167:Infinity":7,"s:171:17:171:Infinity":45,"b:172:2:172:Infinity:undefined:undefined:undefined:undefined":3,"s:172:2:172:Infinity":46,"s:172:34:172:Infinity":47,"s:174:16:174:84":48,"f:174:31:174:51":8,"s:174:68:174:83":49,"s:175:19:175:Infinity":50,"b:176:2:176:Infinity:undefined:undefined:undefined:undefined":4,"s:176:2:176:Infinity":51,"s:176:36:176:Infinity":52,"s:177:2:177:Infinity":53,"f:184:16:184:Infinity":9,"s:189:17:189:Infinity":54,"b:190:2:190:Infinity:undefined:undefined:undefined:undefined":5,"s:190:2:190:Infinity":55,"s:190:34:190:Infinity":56,"s:192:16:192:83":57,"f:192:29:192:50":10,"s:192:67:192:82":58,"s:193:19:193:Infinity":59,"b:194:2:194:Infinity:undefined:undefined:undefined:undefined":6,"s:194:2:194:Infinity":60,"s:194:36:194:Infinity":61,"s:195:2:195:Infinity":62}}}
,"/home/runner/work/M2D/M2D/src/lib/api/client.ts": {"path":"/home/runner/work/M2D/M2D/src/lib/api/client.ts","statementMap":{"0":{"start":{"line":2,"column":24},"end":{"line":2,"column":null}},"1":{"start":{"line":14,"column":2},"end":{"line":14,"column":null}},"2":{"start":{"line":20,"column":4},"end":{"line":20,"column":null}},"3":{"start":{"line":21,"column":4},"end":{"line":21,"column":null}},"4":{"start":{"line":22,"column":4},"end":{"line":22,"column":null}},"5":{"start":{"line":37,"column":15},"end":{"line":37,"column":27}},"6":{"start":{"line":39,"column":23},"end":{"line":39,"column":44}},"7":{"start":{"line":40,"column":2},"end":{"line":44,"column":null}},"8":{"start":{"line":41,"column":4},"end":{"line":42,"column":null}},"9":{"start":{"line":42,"column":6},"end":{"line":42,"column":null}},"10":{"start":{"line":46,"column":16},"end":{"line":46,"column":39}},"11":{"start":{"line":47,"column":18},"end":{"line":47,"column":null}},"12":{"start":{"line":49,"column":14},"end":{"line":49,"column":46}},"13":{"start":{"line":51,"column":2},"end":{"line":52,"column":null}},"14":{"start":{"line":52,"column":4},"end":{"line":52,"column":null}},"15":{"start":{"line":55,"column":2},"end":{"line":55,"column":null}}},"fnMap":{"0":{"name":"getApiBase","decl":{"start":{"line":13,"column":16},"end":{"line":13,"column":37}},"loc":{"start":{"line":13,"column":37},"end":{"line":14,"column":null}},"line":13},"1":{"name":"(anonymous_1)","decl":{"start":{"line":19,"column":2},"end":{"line":19,"column":14}},"loc":{"start":{"line":19,"column":47},"end":{"line":22,"column":null}},"line":19},"2":{"name":"request","decl":{"start":{"line":32,"column":22},"end":{"line":32,"column":null}},"loc":{"start":{"line":36,"column":20},"end":{"line":55,"column":null}},"line":36},"3":{"name":"(anonymous_3)","decl":{"start":{"line":40,"column":25},"end":{"line":40,"column":34}},"loc":{"start":{"line":40,"column":45},"end":{"line":44,"column":null}},"line":40}},"branchMap":{"0":{"loc":{"start":{"line":14,"column":9},"end":{"line":14,"column":null}},"type":"cond-expr","locations":[{"start":{"line":14,"column":41},"end":{"line":14,"column":52}},{"start":{"line":14,"column":52},"end":{"line":14,"column":null}}],"line":14},"1":{"loc":{"start":{"line":34,"column":2},"end":{"line":34,"column":38}},"type":"default-arg","locations":[{"start":{"line":34,"column":36},"end":{"line":34,"column":38}}],"line":34},"2":{"loc":{"start":{"line":41,"column":4},"end":{"line":42,"column":null}},"type":"if","locations":[{"start":{"line":41,"column":4},"end":{"line":42,"column":null}},{"start":{},"end":{}}],"line":41},"3":{"loc":{"start":{"line":41,"column":8},"end":{"line":41,"column":51}},"type":"binary-expr","locations":[{"start":{"line":41,"column":8},"end":{"line":41,"column":27}},{"start":{"line":41,"column":27},"end":{"line":41,"column":41}},{"start":{"line":41,"column":41},"end":{"line":41,"column":51}}],"line":41},"4":{"loc":{"start":{"line":42,"column":29},"end":{"line":42,"column":82}},"type":"cond-expr","locations":[{"start":{"line":42,"column":53},"end":{"line":42,"column":70}},{"start":{"line":42,"column":73},"end":{"line":42,"column":82}}],"line":42},"5":{"loc":{"start":{"line":47,"column":39},"end":{"line":47,"column":null}},"type":"cond-expr","locations":[{"start":{"line":47,"column":47},"end":{"line":47,"column":61}},{"start":{"line":47,"column":61},"end":{"line":47,"column":null}}],"line":47},"6":{"loc":{"start":{"line":51,"column":2},"end":{"line":52,"column":null}},"type":"if","locations":[{"start":{"line":51,"column":2},"end":{"line":52,"column":null}},{"start":{},"end":{}}],"line":51}},"s":{"0":1,"1":10,"2":6,"3":6,"4":6,"5":8,"6":8,"7":8,"8":7,"9":4,"10":8,"11":8,"12":8,"13":7,"14":2,"15":5},"f":{"0":10,"1":6,"2":8,"3":7},"b":{"0":[1,9],"1":[8],"2":[4,3],"3":[7,6,5],"4":[1,3],"5":[3,5],"6":[2,5]},"meta":{"lastBranch":7,"lastFunction":4,"lastStatement":16,"seen":{"s:2:24:2:Infinity":0,"f:13:16:13:37":0,"s:14:2:14:Infinity":1,"b:14:41:14:52:14:52:14:Infinity":0,"f:19:2:19:14":1,"s:20:4:20:Infinity":2,"s:21:4:21:Infinity":3,"s:22:4:22:Infinity":4,"f:32:22:32:Infinity":2,"b:34:36:34:38":1,"s:37:15:37:27":5,"s:39:23:39:44":6,"s:40:2:44:Infinity":7,"f:40:25:40:34":3,"b:41:4:42:Infinity:undefined:undefined:undefined:undefined":2,"s:41:4:42:Infinity":8,"b:41:8:41:27:41:27:41:41:41:41:41:51":3,"s:42:6:42:Infinity":9,"b:42:53:42:70:42:73:42:82":4,"s:46:16:46:39":10,"s:47:18:47:Infinity":11,"b:47:47:47:61:47:61:47:Infinity":5,"s:49:14:49:46":12,"b:51:2:52:Infinity:undefined:undefined:undefined:undefined":6,"s:51:2:52:Infinity":13,"s:52:4:52:Infinity":14,"s:55:2:55:Infinity":15}}}
,"/home/runner/work/M2D/M2D/src/store/useAppStore.ts": {"path":"/home/runner/work/M2D/M2D/src/store/useAppStore.ts","statementMap":{"0":{"start":{"line":1,"column":0},"end":{"line":1,"column":null}},"1":{"start":{"line":22,"column":11},"end":{"line":31,"column":null}},"2":{"start":{"line":24,"column":4},"end":{"line":24,"column":null}},"3":{"start":{"line":26,"column":4},"end":{"line":26,"column":null}},"4":{"start":{"line":26,"column":39},"end":{"line":26,"column":null}},"5":{"start":{"line":29,"column":4},"end":{"line":29,"column":null}},"6":{"start":{"line":29,"column":39},"end":{"line":29,"column":null}},"7":{"start":{"line":34,"column":58},"end":{"line":34,"column":null}},"8":{"start":{"line":37,"column":43},"end":{"line":37,"column":null}},"9":{"start":{"line":158,"column":13},"end":{"line":472,"column":3}},"10":{"start":{"line":158,"column":59},"end":{"line":472,"column":3}},"11":{"start":{"line":163,"column":4},"end":{"line":163,"column":null}},"12":{"start":{"line":164,"column":4},"end":{"line":164,"column":null}},"13":{"start":{"line":169,"column":4},"end":{"line":169,"column":null}},"14":{"start":{"line":170,"column":4},"end":{"line":170,"column":null}},"15":{"start":{"line":175,"column":4},"end":{"line":175,"column":null}},"16":{"start":{"line":176,"column":4},"end":{"line":176,"column":null}},"17":{"start":{"line":181,"column":4},"end":{"line":181,"column":null}},"18":{"start":{"line":182,"column":4},"end":{"line":182,"column":null}},"19":{"start":{"line":187,"column":4},"end":{"line":187,"column":null}},"20":{"start":{"line":188,"column":4},"end":{"line":188,"column":null}},"21":{"start":{"line":193,"column":14},"end":{"line":193,"column":null}},"22":{"start":{"line":194,"column":4},"end":{"line":194,"column":null}},"23":{"start":{"line":195,"column":4},"end":{"line":195,"column":null}},"24":{"start":{"line":200,"column":4},"end":{"line":200,"column":null}},"25":{"start":{"line":201,"column":4},"end":{"line":201,"column":null}},"26":{"start":{"line":206,"column":4},"end":{"line":206,"column":null}},"27":{"start":{"line":207,"column":4},"end":{"line":207,"column":null}},"28":{"start":{"line":222,"column":4},"end":{"line":225,"column":null}},"29":{"start":{"line":222,"column":20},"end":{"line":225,"column":7}},"30":{"start":{"line":226,"column":4},"end":{"line":226,"column":null}},"31":{"start":{"line":235,"column":22},"end":{"line":235,"column":42}},"32":{"start":{"line":238,"column":25},"end":{"line":238,"column":48}},"33":{"start":{"line":241,"column":26},"end":{"line":241,"column":50}},"34":{"start":{"line":244,"column":26},"end":{"line":244,"column":50}},"35":{"start":{"line":247,"column":31},"end":{"line":247,"column":60}},"36":{"start":{"line":254,"column":4},"end":{"line":257,"column":null}},"37":{"start":{"line":255,"column":6},"end":{"line":255,"column":null}},"38":{"start":{"line":256,"column":6},"end":{"line":256,"column":null}},"39":{"start":{"line":260,"column":4},"end":{"line":263,"column":null}},"40":{"start":{"line":261,"column":6},"end":{"line":261,"column":null}},"41":{"start":{"line":262,"column":6},"end":{"line":262,"column":null}},"42":{"start":{"line":266,"column":21},"end":{"line":266,"column":null}},"43":{"start":{"line":267,"column":4},"end":{"line":267,"column":null}},"44":{"start":{"line":268,"column":4},"end":{"line":268,"column":null}},"45":{"start":{"line":269,"column":4},"end":{"line":269,"column":null}},"46":{"start":{"line":269,"column":18},"end":{"line":269,"column":null}},"47":{"start":{"line":277,"column":4},"end":{"line":277,"column":null}},"48":{"start":{"line":281,"column":4},"end":{"line":281,"column":null}},"49":{"start":{"line":281,"column":20},"end":{"line":281,"column":59}},"50":{"start":{"line":285,"column":4},"end":{"line":296,"column":null}},"51":{"start":{"line":285,"column":20},"end":{"line":295,"column":null}},"52":{"start":{"line":300,"column":21},"end":{"line":300,"column":null}},"53":{"start":{"line":301,"column":18},"end":{"line":301,"column":null}},"54":{"start":{"line":302,"column":4},"end":{"line":307,"column":null}},"55":{"start":{"line":303,"column":12},"end":{"line":303,"column":null}},"56":{"start":{"line":304,"column":20},"end":{"line":304,"column":null}},"57":{"start":{"line":305,"column":24},"end":{"line":305,"column":null}},"58":{"start":{"line":306,"column":18},"end":{"line":306,"column":46}},"59":{"start":{"line":307,"column":6},"end":{"line":307,"column":null}},"60":{"start":{"line":309,"column":4},"end":{"line":314,"column":null}},"61":{"start":{"line":309,"column":20},"end":{"line":313,"column":null}},"62":{"start":{"line":318,"column":4},"end":{"line":318,"column":null}},"63":{"start":{"line":324,"column":4},"end":{"line":327,"column":null}},"64":{"start":{"line":325,"column":6},"end":{"line":325,"column":null}},"65":{"start":{"line":327,"column":6},"end":{"line":327,"column":null}},"66":{"start":{"line":332,"column":4},"end":{"line":332,"column":null}},"67":{"start":{"line":333,"column":4},"end":{"line":333,"column":null}},"68":{"start":{"line":341,"column":4},"end":{"line":349,"column":null}},"69":{"start":{"line":342,"column":19},"end":{"line":342,"column":46}},"70":{"start":{"line":343,"column":6},"end":{"line":344,"column":null}},"71":{"start":{"line":343,"column":24},"end":{"line":343,"column":null}},"72":{"start":{"line":344,"column":11},"end":{"line":344,"column":null}},"73":{"start":{"line":345,"column":6},"end":{"line":348,"column":null}},"74":{"start":{"line":352,"column":19},"end":{"line":355,"column":5}},"75":{"start":{"line":352,"column":35},"end":{"line":355,"column":5}},"76":{"start":{"line":358,"column":4},"end":{"line":364,"column":null}},"77":{"start":{"line":359,"column":19},"end":{"line":359,"column":55}},"78":{"start":{"line":360,"column":6},"end":{"line":363,"column":null}},"79":{"start":{"line":368,"column":4},"end":{"line":375,"column":null}},"80":{"start":{"line":369,"column":19},"end":{"line":369,"column":46}},"81":{"start":{"line":370,"column":6},"end":{"line":370,"column":null}},"82":{"start":{"line":371,"column":6},"end":{"line":374,"column":null}},"83":{"start":{"line":379,"column":4},"end":{"line":385,"column":null}},"84":{"start":{"line":380,"column":19},"end":{"line":380,"column":32}},"85":{"start":{"line":381,"column":6},"end":{"line":384,"column":null}},"86":{"start":{"line":393,"column":4},"end":{"line":393,"column":null}},"87":{"start":{"line":393,"column":20},"end":{"line":393,"column":71}},"88":{"start":{"line":399,"column":4},"end":{"line":402,"column":null}},"89":{"start":{"line":400,"column":6},"end":{"line":400,"column":null}},"90":{"start":{"line":402,"column":6},"end":{"line":402,"column":null}},"91":{"start":{"line":407,"column":4},"end":{"line":413,"column":null}},"92":{"start":{"line":408,"column":19},"end":{"line":408,"column":43}},"93":{"start":{"line":409,"column":6},"end":{"line":410,"column":null}},"94":{"start":{"line":409,"column":24},"end":{"line":409,"column":null}},"95":{"start":{"line":410,"column":11},"end":{"line":410,"column":null}},"96":{"start":{"line":411,"column":6},"end":{"line":411,"column":null}},"97":{"start":{"line":412,"column":6},"end":{"line":412,"column":null}},"98":{"start":{"line":417,"column":4},"end":{"line":417,"column":null}},"99":{"start":{"line":418,"column":4},"end":{"line":418,"column":null}},"100":{"start":{"line":424,"column":4},"end":{"line":427,"column":null}},"101":{"start":{"line":425,"column":6},"end":{"line":425,"column":null}},"102":{"start":{"line":427,"column":6},"end":{"line":427,"column":null}},"103":{"start":{"line":432,"column":4},"end":{"line":432,"column":null}},"104":{"start":{"line":432,"column":24},"end":{"line":432,"column":null}},"105":{"start":{"line":433,"column":4},"end":{"line":438,"column":null}},"106":{"start":{"line":434,"column":23},"end":{"line":434,"column":76}},"107":{"start":{"line":434,"column":57},"end":{"line":434,"column":75}},"108":{"start":{"line":435,"column":19},"end":{"line":435,"column":75}},"109":{"start":{"line":436,"column":6},"end":{"line":436,"column":null}},"110":{"start":{"line":437,"column":6},"end":{"line":437,"column":null}},"111":{"start":{"line":442,"column":4},"end":{"line":446,"column":null}},"112":{"start":{"line":443,"column":19},"end":{"line":443,"column":65}},"113":{"start":{"line":443,"column":53},"end":{"line":443,"column":65}},"114":{"start":{"line":444,"column":6},"end":{"line":444,"column":null}},"115":{"start":{"line":445,"column":6},"end":{"line":445,"column":null}},"116":{"start":{"line":450,"column":4},"end":{"line":450,"column":null}},"117":{"start":{"line":451,"column":4},"end":{"line":451,"column":null}},"118":{"start":{"line":459,"column":17},"end":{"line":459,"column":null}},"119":{"start":{"line":460,"column":19},"end":{"line":460,"column":null}},"120":{"start":{"line":461,"column":28},"end":{"line":465,"column":null}},"121":{"start":{"line":466,"column":4},"end":{"line":468,"column":null}},"122":{"start":{"line":466,"column":20},"end":{"line":467,"column":null}},"123":{"start":{"line":471,"column":24},"end":{"line":471,"column":null}}},"fnMap":{"0":{"name":"(anonymous_0)","decl":{"start":{"line":23,"column":2},"end":{"line":23,"column":8}},"loc":{"start":{"line":24,"column":4},"end":{"line":24,"column":null}},"line":24},"1":{"name":"(anonymous_1)","decl":{"start":{"line":25,"column":2},"end":{"line":25,"column":8}},"loc":{"start":{"line":25,"column":45},"end":{"line":26,"column":null}},"line":25},"2":{"name":"(anonymous_2)","decl":{"start":{"line":28,"column":2},"end":{"line":28,"column":11}},"loc":{"start":{"line":28,"column":33},"end":{"line":29,"column":null}},"line":28},"3":{"name":"(anonymous_3)","decl":{"start":{"line":158,"column":27},"end":{"line":158,"column":45}},"loc":{"start":{"line":158,"column":59},"end":{"line":472,"column":3}},"line":158},"4":{"name":"(anonymous_4)","decl":{"start":{"line":162,"column":2},"end":{"line":162,"column":16}},"loc":{"start":{"line":162,"column":26},"end":{"line":164,"column":null}},"line":162},"5":{"name":"(anonymous_5)","decl":{"start":{"line":168,"column":2},"end":{"line":168,"column":16}},"loc":{"start":{"line":168,"column":28},"end":{"line":170,"column":null}},"line":168},"6":{"name":"(anonymous_6)","decl":{"start":{"line":174,"column":2},"end":{"line":174,"column":21}},"loc":{"start":{"line":174,"column":33},"end":{"line":176,"column":null}},"line":174},"7":{"name":"(anonymous_7)","decl":{"start":{"line":180,"column":2},"end":{"line":180,"column":30}},"loc":{"start":{"line":180,"column":42},"end":{"line":182,"column":null}},"line":180},"8":{"name":"(anonymous_8)","decl":{"start":{"line":186,"column":2},"end":{"line":186,"column":26}},"loc":{"start":{"line":186,"column":38},"end":{"line":188,"column":null}},"line":186},"9":{"name":"(anonymous_9)","decl":{"start":{"line":192,"column":2},"end":{"line":192,"column":19}},"loc":{"start":{"line":192,"column":28},"end":{"line":195,"column":null}},"line":192},"10":{"name":"(anonymous_10)","decl":{"start":{"line":199,"column":2},"end":{"line":199,"column":20}},"loc":{"start":{"line":199,"column":30},"end":{"line":201,"column":null}},"line":199},"11":{"name":"(anonymous_11)","decl":{"start":{"line":205,"column":2},"end":{"line":205,"column":21}},"loc":{"start":{"line":205,"column":31},"end":{"line":207,"column":null}},"line":205},"12":{"name":"(anonymous_12)","decl":{"start":{"line":221,"column":2},"end":{"line":221,"column":20}},"loc":{"start":{"line":221,"column":29},"end":{"line":226,"column":null}},"line":221},"13":{"name":"(anonymous_13)","decl":{"start":{"line":222,"column":4},"end":{"line":222,"column":9}},"loc":{"start":{"line":222,"column":20},"end":{"line":225,"column":7}},"line":222},"14":{"name":"(anonymous_14)","decl":{"start":{"line":235,"column":2},"end":{"line":235,"column":16}},"loc":{"start":{"line":235,"column":22},"end":{"line":235,"column":42}},"line":235},"15":{"name":"(anonymous_15)","decl":{"start":{"line":238,"column":2},"end":{"line":238,"column":19}},"loc":{"start":{"line":238,"column":25},"end":{"line":238,"column":48}},"line":238},"16":{"name":"(anonymous_16)","decl":{"start":{"line":241,"column":2},"end":{"line":241,"column":20}},"loc":{"start":{"line":241,"column":26},"end":{"line":241,"column":50}},"line":241},"17":{"name":"(anonymous_17)","decl":{"start":{"line":244,"column":2},"end":{"line":244,"column":20}},"loc":{"start":{"line":244,"column":26},"end":{"line":244,"column":50}},"line":244},"18":{"name":"(anonymous_18)","decl":{"start":{"line":247,"column":2},"end":{"line":247,"column":25}},"loc":{"start":{"line":247,"column":31},"end":{"line":247,"column":60}},"line":247},"19":{"name":"(anonymous_19)","decl":{"start":{"line":253,"column":2},"end":{"line":253,"column":14}},"loc":{"start":{"line":254,"column":4},"end":{"line":257,"column":null}},"line":254},"20":{"name":"(anonymous_20)","decl":{"start":{"line":254,"column":8},"end":{"line":254,"column":28}},"loc":{"start":{"line":254,"column":40},"end":{"line":257,"column":null}},"line":254},"21":{"name":"(anonymous_21)","decl":{"start":{"line":259,"column":2},"end":{"line":259,"column":16}},"loc":{"start":{"line":260,"column":4},"end":{"line":263,"column":null}},"line":260},"22":{"name":"(anonymous_22)","decl":{"start":{"line":260,"column":8},"end":{"line":260,"column":26}},"loc":{"start":{"line":260,"column":38},"end":{"line":263,"column":null}},"line":260},"23":{"name":"(anonymous_23)","decl":{"start":{"line":265,"column":2},"end":{"line":265,"column":16}},"loc":{"start":{"line":265,"column":27},"end":{"line":269,"column":null}},"line":265},"24":{"name":"(anonymous_24)","decl":{"start":{"line":276,"column":2},"end":{"line":276,"column":16}},"loc":{"start":{"line":276,"column":25},"end":{"line":277,"column":null}},"line":276},"25":{"name":"(anonymous_25)","decl":{"start":{"line":280,"column":2},"end":{"line":280,"column":18}},"loc":{"start":{"line":280,"column":27},"end":{"line":281,"column":null}},"line":280},"26":{"name":"(anonymous_26)","decl":{"start":{"line":281,"column":4},"end":{"line":281,"column":9}},"loc":{"start":{"line":281,"column":20},"end":{"line":281,"column":59}},"line":281},"27":{"name":"(anonymous_27)","decl":{"start":{"line":284,"column":2},"end":{"line":284,"column":17}},"loc":{"start":{"line":284,"column":27},"end":{"line":296,"column":null}},"line":284},"28":{"name":"(anonymous_28)","decl":{"start":{"line":285,"column":4},"end":{"line":285,"column":9}},"loc":{"start":{"line":285,"column":20},"end":{"line":295,"column":null}},"line":285},"29":{"name":"(anonymous_29)","decl":{"start":{"line":299,"column":2},"end":{"line":299,"column":19}},"loc":{"start":{"line":299,"column":49},"end":{"line":314,"column":null}},"line":299},"30":{"name":"(anonymous_30)","decl":{"start":{"line":309,"column":4},"end":{"line":309,"column":9}},"loc":{"start":{"line":309,"column":20},"end":{"line":313,"column":null}},"line":309},"31":{"name":"(anonymous_31)","decl":{"start":{"line":317,"column":2},"end":{"line":317,"column":21}},"loc":{"start":{"line":317,"column":21},"end":{"line":318,"column":null}},"line":317},"32":{"name":"(anonymous_32)","decl":{"start":{"line":323,"column":2},"end":{"line":323,"column":19}},"loc":{"start":{"line":323,"column":19},"end":{"line":329,"column":null}},"line":323},"33":{"name":"(anonymous_33)","decl":{"start":{"line":331,"column":2},"end":{"line":331,"column":17}},"loc":{"start":{"line":331,"column":33},"end":{"line":333,"column":null}},"line":331},"34":{"name":"(anonymous_34)","decl":{"start":{"line":340,"column":2},"end":{"line":340,"column":14}},"loc":{"start":{"line":340,"column":21},"end":{"line":349,"column":null}},"line":340},"35":{"name":"(anonymous_35)","decl":{"start":{"line":341,"column":4},"end":{"line":341,"column":9}},"loc":{"start":{"line":341,"column":19},"end":{"line":349,"column":null}},"line":341},"36":{"name":"(anonymous_36)","decl":{"start":{"line":352,"column":2},"end":{"line":352,"column":19}},"loc":{"start":{"line":352,"column":19},"end":{"line":355,"column":5}},"line":352},"37":{"name":"(anonymous_37)","decl":{"start":{"line":352,"column":19},"end":{"line":352,"column":24}},"loc":{"start":{"line":352,"column":35},"end":{"line":355,"column":5}},"line":352},"38":{"name":"(anonymous_38)","decl":{"start":{"line":357,"column":2},"end":{"line":357,"column":11}},"loc":{"start":{"line":357,"column":18},"end":{"line":364,"column":null}},"line":357},"39":{"name":"(anonymous_39)","decl":{"start":{"line":358,"column":4},"end":{"line":358,"column":9}},"loc":{"start":{"line":358,"column":19},"end":{"line":364,"column":null}},"line":358},"40":{"name":"(anonymous_40)","decl":{"start":{"line":367,"column":2},"end":{"line":367,"column":14}},"loc":{"start":{"line":367,"column":21},"end":{"line":375,"column":null}},"line":367},"41":{"name":"(anonymous_41)","decl":{"start":{"line":368,"column":4},"end":{"line":368,"column":9}},"loc":{"start":{"line":368,"column":19},"end":{"line":375,"column":null}},"line":368},"42":{"name":"(anonymous_42)","decl":{"start":{"line":378,"column":2},"end":{"line":378,"column":24}},"loc":{"start":{"line":378,"column":33},"end":{"line":385,"column":null}},"line":378},"43":{"name":"(anonymous_43)","decl":{"start":{"line":379,"column":4},"end":{"line":379,"column":9}},"loc":{"start":{"line":379,"column":19},"end":{"line":385,"column":null}},"line":379},"44":{"name":"(anonymous_44)","decl":{"start":{"line":392,"column":2},"end":{"line":392,"column":21}},"loc":{"start":{"line":392,"column":33},"end":{"line":393,"column":null}},"line":392},"45":{"name":"(anonymous_45)","decl":{"start":{"line":393,"column":4},"end":{"line":393,"column":9}},"loc":{"start":{"line":393,"column":20},"end":{"line":393,"column":71}},"line":393},"46":{"name":"(anonymous_46)","decl":{"start":{"line":398,"column":2},"end":{"line":398,"column":20}},"loc":{"start":{"line":398,"column":20},"end":{"line":404,"column":null}},"line":398},"47":{"name":"(anonymous_47)","decl":{"start":{"line":406,"column":2},"end":{"line":406,"column":19}},"loc":{"start":{"line":406,"column":26},"end":{"line":413,"column":null}},"line":406},"48":{"name":"(anonymous_48)","decl":{"start":{"line":407,"column":4},"end":{"line":407,"column":9}},"loc":{"start":{"line":407,"column":19},"end":{"line":413,"column":null}},"line":407},"49":{"name":"(anonymous_49)","decl":{"start":{"line":416,"column":2},"end":{"line":416,"column":24}},"loc":{"start":{"line":416,"column":24},"end":{"line":418,"column":null}},"line":416},"50":{"name":"(anonymous_50)","decl":{"start":{"line":423,"column":2},"end":{"line":423,"column":24}},"loc":{"start":{"line":423,"column":24},"end":{"line":429,"column":null}},"line":423},"51":{"name":"(anonymous_51)","decl":{"start":{"line":431,"column":2},"end":{"line":431,"column":21}},"loc":{"start":{"line":431,"column":31},"end":{"line":438,"column":null}},"line":431},"52":{"name":"(anonymous_52)","decl":{"start":{"line":433,"column":4},"end":{"line":433,"column":9}},"loc":{"start":{"line":433,"column":19},"end":{"line":438,"column":null}},"line":433},"53":{"name":"(anonymous_53)","decl":{"start":{"line":434,"column":43},"end":{"line":434,"column":51}},"loc":{"start":{"line":434,"column":57},"end":{"line":434,"column":75}},"line":434},"54":{"name":"(anonymous_54)","decl":{"start":{"line":441,"column":2},"end":{"line":441,"column":24}},"loc":{"start":{"line":441,"column":34},"end":{"line":446,"column":null}},"line":441},"55":{"name":"(anonymous_55)","decl":{"start":{"line":442,"column":4},"end":{"line":442,"column":9}},"loc":{"start":{"line":442,"column":19},"end":{"line":446,"column":null}},"line":442},"56":{"name":"(anonymous_56)","decl":{"start":{"line":443,"column":39},"end":{"line":443,"column":47}},"loc":{"start":{"line":443,"column":53},"end":{"line":443,"column":65}},"line":443},"57":{"name":"(anonymous_57)","decl":{"start":{"line":449,"column":2},"end":{"line":449,"column":28}},"loc":{"start":{"line":449,"column":28},"end":{"line":451,"column":null}},"line":449},"58":{"name":"(anonymous_58)","decl":{"start":{"line":458,"column":2},"end":{"line":458,"column":16}},"loc":{"start":{"line":458,"column":31},"end":{"line":468,"column":null}},"line":458},"59":{"name":"(anonymous_59)","decl":{"start":{"line":466,"column":4},"end":{"line":466,"column":9}},"loc":{"start":{"line":466,"column":20},"end":{"line":467,"column":null}},"line":466},"60":{"name":"(anonymous_60)","decl":{"start":{"line":471,"column":2},"end":{"line":471,"column":24}},"loc":{"start":{"line":471,"column":24},"end":{"line":471,"column":null}},"line":471}},"branchMap":{"0":{"loc":{"start":{"line":24,"column":4},"end":{"line":24,"column":null}},"type":"cond-expr","locations":[{"start":{"line":24,"column":36},"end":{"line":24,"column":61}},{"start":{"line":24,"column":64},"end":{"line":24,"column":null}}],"line":24},"1":{"loc":{"start":{"line":26,"column":4},"end":{"line":26,"column":null}},"type":"if","locations":[{"start":{"line":26,"column":4},"end":{"line":26,"column":null}},{"start":{},"end":{}}],"line":26},"2":{"loc":{"start":{"line":29,"column":4},"end":{"line":29,"column":null}},"type":"if","locations":[{"start":{"line":29,"column":4},"end":{"line":29,"column":null}},{"start":{},"end":{}}],"line":29},"3":{"loc":{"start":{"line":161,"column":9},"end":{"line":161,"column":null}},"type":"binary-expr","locations":[{"start":{"line":161,"column":9},"end":{"line":161,"column":26}},{"start":{"line":161,"column":30},"end":{"line":161,"column":null}}],"line":161},"4":{"loc":{"start":{"line":191,"column":12},"end":{"line":191,"column":null}},"type":"binary-expr","locations":[{"start":{"line":191,"column":12},"end":{"line":191,"column":32}},{"start":{"line":191,"column":36},"end":{"line":191,"column":null}}],"line":191},"5":{"loc":{"start":{"line":193,"column":14},"end":{"line":193,"column":null}},"type":"binary-expr","locations":[{"start":{"line":193,"column":14},"end":{"line":193,"column":65}},{"start":{"line":193,"column":65},"end":{"line":193,"column":null}}],"line":193},"6":{"loc":{"start":{"line":198,"column":13},"end":{"line":198,"column":null}},"type":"binary-expr","locations":[{"start":{"line":198,"column":13},"end":{"line":198,"column":31}},{"start":{"line":198,"column":35},"end":{"line":198,"column":null}}],"line":198},"7":{"loc":{"start":{"line":204,"column":14},"end":{"line":204,"column":null}},"type":"binary-expr","locations":[{"start":{"line":204,"column":14},"end":{"line":204,"column":33}},{"start":{"line":204,"column":37},"end":{"line":204,"column":null}}],"line":204},"8":{"loc":{"start":{"line":212,"column":17},"end":{"line":212,"column":null}},"type":"binary-expr","locations":[{"start":{"line":212,"column":17},"end":{"line":212,"column":42}},{"start":{"line":212,"column":70},"end":{"line":212,"column":null}}],"line":212},"9":{"loc":{"start":{"line":230,"column":5},"end":{"line":230,"column":null}},"type":"binary-expr","locations":[{"start":{"line":230,"column":5},"end":{"line":230,"column":82}},{"start":{"line":230,"column":82},"end":{"line":230,"column":null}}],"line":230},"10":{"loc":{"start":{"line":230,"column":19},"end":{"line":230,"column":82}},"type":"binary-expr","locations":[{"start":{"line":230,"column":19},"end":{"line":230,"column":39}},{"start":{"line":230,"column":43},"end":{"line":230,"column":82}}],"line":230},"11":{"loc":{"start":{"line":269,"column":4},"end":{"line":269,"column":null}},"type":"if","locations":[{"start":{"line":269,"column":4},"end":{"line":269,"column":null}},{"start":{},"end":{}}],"line":269},"12":{"loc":{"start":{"line":290,"column":17},"end":{"line":290,"column":null}},"type":"binary-expr","locations":[{"start":{"line":290,"column":17},"end":{"line":290,"column":26}},{"start":{"line":290,"column":26},"end":{"line":290,"column":null}}],"line":290},"13":{"loc":{"start":{"line":292,"column":24},"end":{"line":292,"column":null}},"type":"cond-expr","locations":[{"start":{"line":292,"column":46},"end":{"line":292,"column":63}},{"start":{"line":292,"column":63},"end":{"line":292,"column":null}}],"line":292},"14":{"loc":{"start":{"line":302,"column":4},"end":{"line":307,"column":null}},"type":"if","locations":[{"start":{"line":302,"column":4},"end":{"line":307,"column":null}},{"start":{},"end":{}}],"line":302},"15":{"loc":{"start":{"line":302,"column":8},"end":{"line":302,"column":34}},"type":"binary-expr","locations":[{"start":{"line":302,"column":8},"end":{"line":302,"column":23}},{"start":{"line":302,"column":23},"end":{"line":302,"column":34}}],"line":302},"16":{"loc":{"start":{"line":307,"column":24},"end":{"line":307,"column":null}},"type":"cond-expr","locations":[{"start":{"line":307,"column":35},"end":{"line":307,"column":77}},{"start":{"line":307,"column":77},"end":{"line":307,"column":null}}],"line":307},"17":{"loc":{"start":{"line":325,"column":24},"end":{"line":325,"column":52}},"type":"binary-expr","locations":[{"start":{"line":325,"column":24},"end":{"line":325,"column":43}},{"start":{"line":325,"column":47},"end":{"line":325,"column":52}}],"line":325},"18":{"loc":{"start":{"line":343,"column":6},"end":{"line":344,"column":null}},"type":"if","locations":[{"start":{"line":343,"column":6},"end":{"line":344,"column":null}},{"start":{"line":344,"column":11},"end":{"line":344,"column":null}}],"line":343},"19":{"loc":{"start":{"line":400,"column":40},"end":{"line":400,"column":70}},"type":"binary-expr","locations":[{"start":{"line":400,"column":40},"end":{"line":400,"column":61}},{"start":{"line":400,"column":65},"end":{"line":400,"column":70}}],"line":400},"20":{"loc":{"start":{"line":409,"column":6},"end":{"line":410,"column":null}},"type":"if","locations":[{"start":{"line":409,"column":6},"end":{"line":410,"column":null}},{"start":{"line":410,"column":11},"end":{"line":410,"column":null}}],"line":409},"21":{"loc":{"start":{"line":425,"column":24},"end":{"line":425,"column":59}},"type":"binary-expr","locations":[{"start":{"line":425,"column":24},"end":{"line":425,"column":50}},{"start":{"line":425,"column":54},"end":{"line":425,"column":59}}],"line":425},"22":{"loc":{"start":{"line":432,"column":4},"end":{"line":432,"column":null}},"type":"if","locations":[{"start":{"line":432,"column":4},"end":{"line":432,"column":null}},{"start":{},"end":{}}],"line":432},"23":{"loc":{"start":{"line":460,"column":19},"end":{"line":460,"column":null}},"type":"binary-expr","locations":[{"start":{"line":460,"column":19},"end":{"line":460,"column":39}},{"start":{"line":460,"column":39},"end":{"line":460,"column":null}}],"line":460}},"s":{"0":1,"1":1,"2":13,"3":514,"4":514,"5":98,"6":98,"7":1,"8":1,"9":1,"10":1,"11":49,"12":49,"13":49,"14":49,"15":49,"16":49,"17":49,"18":49,"19":49,"20":49,"21":49,"22":49,"23":49,"24":49,"25":49,"26":49,"27":49,"28":4,"29":4,"30":4,"31":50,"32":50,"33":49,"34":49,"35":49,"36":2,"37":2,"38":2,"39":2,"40":2,"41":2,"42":52,"43":52,"44":52,"45":52,"46":4,"47":7,"48":1,"49":1,"50":4,"51":4,"52":2,"53":2,"54":2,"55":2,"56":2,"57":2,"58":2,"59":2,"60":2,"61":2,"62":49,"63":1,"64":1,"65":0,"66":50,"67":50,"68":3,"69":3,"70":3,"71":1,"72":2,"73":3,"74":49,"75":49,"76":7,"77":7,"78":7,"79":1,"80":1,"81":1,"82":1,"83":1,"84":1,"85":1,"86":4,"87":4,"88":1,"89":1,"90":0,"91":5,"92":5,"93":5,"94":1,"95":4,"96":5,"97":5,"98":49,"99":49,"100":1,"101":1,"102":0,"103":63,"104":1,"105":62,"106":62,"107":1477,"108":62,"109":62,"110":62,"111":1,"112":1,"113":1,"114":1,"115":1,"116":49,"117":49,"118":507,"119":507,"120":507,"121":507,"122":507,"123":49},"f":{"0":13,"1":514,"2":98,"3":1,"4":49,"5":49,"6":49,"7":49,"8":49,"9":49,"10":49,"11":49,"12":4,"13":4,"14":50,"15":50,"16":49,"17":49,"18":49,"19":2,"20":2,"21":2,"22":2,"23":52,"24":7,"25":1,"26":1,"27":4,"28":4,"29":2,"30":2,"31":49,"32":1,"33":50,"34":3,"35":3,"36":49,"37":49,"38":7,"39":7,"40":1,"41":1,"42":1,"43":1,"44":4,"45":4,"46":1,"47":5,"48":5,"49":49,"50":1,"51":63,"52":62,"53":1477,"54":1,"55":1,"56":1,"57":49,"58":507,"59":507,"60":49},"b":{"0":[13,0],"1":[514,0],"2":[98,0],"3":[1,1],"4":[1,1],"5":[49,0],"6":[1,1],"7":[1,1],"8":[1,1],"9":[1,0],"10":[1,1],"11":[4,48],"12":[4,1],"13":[3,1],"14":[2,0],"15":[2,2],"16":[1,1],"17":[1,1],"18":[1,2],"19":[1,1],"20":[1,4],"21":[1,1],"22":[1,62],"23":[507,0]},"meta":{"lastBranch":24,"lastFunction":61,"lastStatement":124,"seen":{"s:1:0:1:Infinity":0,"s:22:11:31:Infinity":1,"f:23:2:23:8":0,"s:24:4:24:Infinity":2,"b:24:36:24:61:24:64:24:Infinity":0,"f:25:2:25:8":1,"b:26:4:26:Infinity:undefined:undefined:undefined:undefined":1,"s:26:4:26:Infinity":3,"s:26:39:26:Infinity":4,"f:28:2:28:11":2,"b:29:4:29:Infinity:undefined:undefined:undefined:undefined":2,"s:29:4:29:Infinity":5,"s:29:39:29:Infinity":6,"s:34:58:34:Infinity":7,"s:37:43:37:Infinity":8,"s:158:13:472:3":9,"f:158:27:158:45":3,"s:158:59:472:3":10,"b:161:9:161:26:161:30:161:Infinity":3,"f:162:2:162:16":4,"s:163:4:163:Infinity":11,"s:164:4:164:Infinity":12,"f:168:2:168:16":5,"s:169:4:169:Infinity":13,"s:170:4:170:Infinity":14,"f:174:2:174:21":6,"s:175:4:175:Infinity":15,"s:176:4:176:Infinity":16,"f:180:2:180:30":7,"s:181:4:181:Infinity":17,"s:182:4:182:Infinity":18,"f:186:2:186:26":8,"s:187:4:187:Infinity":19,"s:188:4:188:Infinity":20,"b:191:12:191:32:191:36:191:Infinity":4,"f:192:2:192:19":9,"s:193:14:193:Infinity":21,"b:193:14:193:65:193:65:193:Infinity":5,"s:194:4:194:Infinity":22,"s:195:4:195:Infinity":23,"b:198:13:198:31:198:35:198:Infinity":6,"f:199:2:199:20":10,"s:200:4:200:Infinity":24,"s:201:4:201:Infinity":25,"b:204:14:204:33:204:37:204:Infinity":7,"f:205:2:205:21":11,"s:206:4:206:Infinity":26,"s:207:4:207:Infinity":27,"b:212:17:212:42:212:70:212:Infinity":8,"f:221:2:221:20":12,"s:222:4:225:Infinity":28,"f:222:4:222:9":13,"s:222:20:225:7":29,"s:226:4:226:Infinity":30,"b:230:5:230:82:230:82:230:Infinity":9,"b:230:19:230:39:230:43:230:82":10,"f:235:2:235:16":14,"s:235:22:235:42":31,"f:238:2:238:19":15,"s:238:25:238:48":32,"f:241:2:241:20":16,"s:241:26:241:50":33,"f:244:2:244:20":17,"s:244:26:244:50":34,"f:247:2:247:25":18,"s:247:31:247:60":35,"f:253:2:253:14":19,"s:254:4:257:Infinity":36,"f:254:8:254:28":20,"s:255:6:255:Infinity":37,"s:256:6:256:Infinity":38,"f:259:2:259:16":21,"s:260:4:263:Infinity":39,"f:260:8:260:26":22,"s:261:6:261:Infinity":40,"s:262:6:262:Infinity":41,"f:265:2:265:16":23,"s:266:21:266:Infinity":42,"s:267:4:267:Infinity":43,"s:268:4:268:Infinity":44,"b:269:4:269:Infinity:undefined:undefined:undefined:undefined":11,"s:269:4:269:Infinity":45,"s:269:18:269:Infinity":46,"f:276:2:276:16":24,"s:277:4:277:Infinity":47,"f:280:2:280:18":25,"s:281:4:281:Infinity":48,"f:281:4:281:9":26,"s:281:20:281:59":49,"f:284:2:284:17":27,"s:285:4:296:Infinity":50,"f:285:4:285:9":28,"s:285:20:295:Infinity":51,"b:290:17:290:26:290:26:290:Infinity":12,"b:292:46:292:63:292:63:292:Infinity":13,"f:299:2:299:19":29,"s:300:21:300:Infinity":52,"s:301:18:301:Infinity":53,"b:302:4:307:Infinity:undefined:undefined:undefined:undefined":14,"s:302:4:307:Infinity":54,"b:302:8:302:23:302:23:302:34":15,"s:303:12:303:Infinity":55,"s:304:20:304:Infinity":56,"s:305:24:305:Infinity":57,"s:306:18:306:46":58,"s:307:6:307:Infinity":59,"b:307:35:307:77:307:77:307:Infinity":16,"s:309:4:314:Infinity":60,"f:309:4:309:9":30,"s:309:20:313:Infinity":61,"f:317:2:317:21":31,"s:318:4:318:Infinity":62,"f:323:2:323:19":32,"s:324:4:327:Infinity":63,"s:325:6:325:Infinity":64,"b:325:24:325:43:325:47:325:52":17,"s:327:6:327:Infinity":65,"f:331:2:331:17":33,"s:332:4:332:Infinity":66,"s:333:4:333:Infinity":67,"f:340:2:340:14":34,"s:341:4:349:Infinity":68,"f:341:4:341:9":35,"s:342:19:342:46":69,"b:343:6:344:Infinity:344:11:344:Infinity":18,"s:343:6:344:Infinity":70,"s:343:24:343:Infinity":71,"s:344:11:344:Infinity":72,"s:345:6:348:Infinity":73,"f:352:2:352:19":36,"s:352:19:355:5":74,"f:352:19:352:24":37,"s:352:35:355:5":75,"f:357:2:357:11":38,"s:358:4:364:Infinity":76,"f:358:4:358:9":39,"s:359:19:359:55":77,"s:360:6:363:Infinity":78,"f:367:2:367:14":40,"s:368:4:375:Infinity":79,"f:368:4:368:9":41,"s:369:19:369:46":80,"s:370:6:370:Infinity":81,"s:371:6:374:Infinity":82,"f:378:2:378:24":42,"s:379:4:385:Infinity":83,"f:379:4:379:9":43,"s:380:19:380:32":84,"s:381:6:384:Infinity":85,"f:392:2:392:21":44,"s:393:4:393:Infinity":86,"f:393:4:393:9":45,"s:393:20:393:71":87,"f:398:2:398:20":46,"s:399:4:402:Infinity":88,"s:400:6:400:Infinity":89,"b:400:40:400:61:400:65:400:70":19,"s:402:6:402:Infinity":90,"f:406:2:406:19":47,"s:407:4:413:Infinity":91,"f:407:4:407:9":48,"s:408:19:408:43":92,"b:409:6:410:Infinity:410:11:410:Infinity":20,"s:409:6:410:Infinity":93,"s:409:24:409:Infinity":94,"s:410:11:410:Infinity":95,"s:411:6:411:Infinity":96,"s:412:6:412:Infinity":97,"f:416:2:416:24":49,"s:417:4:417:Infinity":98,"s:418:4:418:Infinity":99,"f:423:2:423:24":50,"s:424:4:427:Infinity":100,"s:425:6:425:Infinity":101,"b:425:24:425:50:425:54:425:59":21,"s:427:6:427:Infinity":102,"f:431:2:431:21":51,"b:432:4:432:Infinity:undefined:undefined:undefined:undefined":22,"s:432:4:432:Infinity":103,"s:432:24:432:Infinity":104,"s:433:4:438:Infinity":105,"f:433:4:433:9":52,"s:434:23:434:76":106,"f:434:43:434:51":53,"s:434:57:434:75":107,"s:435:19:435:75":108,"s:436:6:436:Infinity":109,"s:437:6:437:Infinity":110,"f:441:2:441:24":54,"s:442:4:446:Infinity":111,"f:442:4:442:9":55,"s:443:19:443:65":112,"f:443:39:443:47":56,"s:443:53:443:65":113,"s:444:6:444:Infinity":114,"s:445:6:445:Infinity":115,"f:449:2:449:28":57,"s:450:4:450:Infinity":116,"s:451:4:451:Infinity":117,"f:458:2:458:16":58,"s:459:17:459:Infinity":118,"s:460:19:460:Infinity":119,"b:460:19:460:39:460:39:460:Infinity":23,"s:461:28:465:Infinity":120,"s:466:4:468:Infinity":121,"f:466:4:466:9":59,"s:466:20:467:Infinity":122,"f:471:2:471:24":60,"s:471:24:471:Infinity":123}}}
}
